GROUP,PACKAGE,CLASS,INSTRUCTION_MISSED,INSTRUCTION_COVERED,BRANCH_MISSED,BRANCH_COVERED,LINE_MISSED,LINE_COVERED,COMPLEXITY_MISSED,COMPLEXITY_COVERED,METHOD_MISSED,METHOD_COVERED
assignment1,com.mcmaster.sfwreng3s03.question5,OrderItem,13,25,2,2,3,8,3,2,1,2
assignment1,com.mcmaster.sfwreng3s03.question5,DiscountService,0,34,1,7,0,8,1,6,0,2
assignment1,com.mcmaster.sfwreng3s03.question5,PricingService,7,36,2,4,2,9,2,4,0,3
assignment1,com.mcmaster.sfwreng3s03.question5,Order,0,36,0,2,0,11,0,6,0,5
assignment1,com.mcmaster.sfwreng3s03.question5,OrderStatus,0,21,0,0,0,4,0,1,0,1
assignment1,com.mcmaster.sfwreng3s03.question5,OrderService,0,51,0,2,0,12,0,3,0,2
assignment1,com.mcmaster.sfwreng3s03.question5,PaymentValidator,2,23,1,4,1,6,1,4,0,2
assignment1,com.mcmaster.sfwreng3s03,Question4,4,16,0,2,1,4,1,3,1,2
